0: 270
2: 5
3: 6
4: 8
5: 10
6: 20
7: 20
8: 26
14: 52
15: 64
16: 69
17: 60
18: 60
19: 72
20: 54
21: 64
22: 61
23: 56
24: 78
25: 65
26: 71
27: 65
28: 77
29: 89
30: 99
31: 107
33: 138
34: 143
35: 176
36: 164
37: 181
38: 173
39: 175
40: 173
41: 168
42: 142
43: 154
44: 161
45: 153
46: 168
47: 172
48: 156
49: 160
50: 175
51: 167
52: 152
53: 170
54: 472
55: 163
56: 198
57: 184
58: 196
59: 210
60: 253
61: 239
62: 257
63: 302
64: 254
65: 263
66: 269
67: 319
68: 302
69: 292
70: 367
71: 365
72: 381
73: 392
74: 415
75: 457
76: 499
77: 483
78: 565
79: 616
80: 582
81: 637
82: 585
83: 668
84: 658
85: 674
86: 732
87: 717
88: 763
89: 701
90: 733
91: 768
92: 776
93: 711
94: 738
95: 760
96: 831
97: 756
98: 698
99: 767
100: 789
101: 699
102: 719
103: 763
104: 745
105: 742
106: 704
107: 691
108: 730
109: 642
110: 630
111: 607
112: 620
113: 617
114: 581
115: 567
116: 579
117: 516
118: 548
119: 507
120: 554
121: 510
122: 467
123: 504
124: 501
125: 491
126: 430
127: 477
128: 521
129: 439
130: 392
131: 476
132: 464
133: 423
134: 444
135: 422
136: 420
137: 431
138: 419
139: 383
140: 443
141: 455
142: 406
143: 450
144: 421
145: 412
146: 406
147: 470
148: 439
149: 377
150: 381
151: 385
152: 436
153: 402
154: 396
155: 410
156: 406
157: 382
158: 428
159: 438
160: 435
161: 442
162: 403
163: 461
164: 398
165: 409
166: 429
167: 449
168: 456
169: 453
170: 505
171: 476
172: 526
173: 459
174: 528
175: 500
176: 576
177: 619
178: 600
179: 685
180: 742
181: 754
182: 865
183: 908
184: 1221
185: 1193
186: 1257
187: 1553
188: 1744
189: 1709
190: 1824
191: 1899
192: 2338
193: 2339
194: 2377
195: 2997
196: 3063
197: 3377
198: 4011
199: 4637
200: 5016
201: 5659
202: 6029
203: 6760
204: 7949
205: 7700
206: 8245
207: 8535
208: 8405
209: 8136
210: 7883
211: 8801
212: 8342
213: 7523
214: 6808
215: 5404
216: 4916
217: 3913
218: 3419
219: 3472
220: 4068
221: 3518
222: 3779
223: 3818
224: 3142
225: 1190
226: 276
227: 154
228: 66
229: 37
230: 15
231: 13
232: 7
233: 4
234: 1
