15: 1
16: 1
17: 6
18: 5
19: 13
20: 12
21: 11
22: 12
23: 7
24: 6
25: 5
26: 7
27: 27
28: 47
29: 55
30: 62
31: 70
32: 62
33: 48
34: 58
35: 59
36: 61
37: 63
38: 51
39: 65
40: 71
41: 63
42: 63
43: 62
44: 75
45: 83
46: 89
47: 102
48: 127
49: 132
50: 136
51: 146
52: 152
53: 449
54: 218
55: 177
56: 196
57: 173
58: 181
59: 155
60: 184
61: 187
62: 171
63: 210
64: 169
65: 182
66: 158
67: 173
68: 197
69: 218
70: 237
71: 199
72: 247
73: 262
74: 262
75: 316
76: 294
77: 293
78: 298
79: 339
80: 289
81: 265
82: 280
83: 248
84: 298
85: 299
86: 338
87: 369
88: 333
89: 355
90: 352
91: 394
92: 448
93: 453
94: 507
95: 543
96: 567
97: 599
98: 633
99: 706
100: 697
101: 733
102: 790
103: 801
104: 818
105: 873
106: 961
107: 904
108: 961
109: 941
110: 1002
111: 1087
112: 1041
113: 1133
114: 1089
115: 1049
116: 1115
117: 1066
118: 1032
119: 1075
120: 970
121: 1056
122: 1039
123: 995
124: 976
125: 957
126: 910
127: 862
128: 827
129: 794
130: 829
131: 809
132: 703
133: 726
134: 669
135: 713
136: 670
137: 677
138: 647
139: 617
140: 601
141: 663
142: 606
143: 617
144: 600
145: 646
146: 609
147: 597
148: 581
149: 606
150: 596
151: 579
152: 569
153: 575
154: 576
155: 589
156: 608
157: 622
158: 583
159: 582
160: 619
161: 576
162: 634
163: 626
164: 602
165: 656
166: 681
167: 721
168: 753
169: 724
170: 779
171: 742
172: 765
173: 806
174: 818
175: 820
176: 874
177: 918
178: 955
179: 996
180: 1096
181: 1083
182: 1193
183: 1283
184: 1484
185: 1654
186: 1787
187: 1820
188: 1965
189: 2456
190: 2686
191: 2801
192: 2910
193: 3341
194: 3938
195: 4389
196: 4797
197: 5375
198: 5811
199: 5830
200: 6776
201: 6859
202: 7107
203: 6871
204: 6455
205: 7409
206: 7158
207: 7625
208: 8250
209: 8115
210: 6752
211: 5268
212: 5640
213: 5125
214: 4917
215: 5734
216: 5136
217: 6123
218: 2955
219: 2458
220: 1049
221: 659
222: 470
223: 203
224: 62
225: 29
226: 7
227: 9
228: 3
229: 1
