0: 183
2: 2
3: 3
4: 6
5: 13
6: 15
7: 23
8: 15
14: 44
15: 58
16: 51
17: 57
18: 69
19: 54
20: 58
21: 49
22: 47
23: 56
24: 51
25: 51
26: 50
27: 79
28: 66
29: 80
30: 81
31: 105
33: 145
34: 131
35: 150
36: 153
37: 175
38: 151
39: 169
40: 163
41: 146
42: 156
43: 151
44: 123
45: 139
46: 121
47: 131
48: 151
49: 145
50: 119
51: 143
52: 132
53: 128
54: 395
55: 126
56: 121
57: 143
58: 131
59: 118
60: 128
61: 127
62: 130
63: 151
64: 165
65: 198
66: 189
67: 239
68: 249
69: 238
70: 307
71: 350
72: 360
73: 410
74: 418
75: 485
76: 519
77: 540
78: 575
79: 653
80: 621
81: 688
82: 695
83: 742
84: 680
85: 774
86: 767
87: 773
88: 806
89: 773
90: 803
91: 757
92: 811
93: 737
94: 784
95: 707
96: 842
97: 757
98: 758
99: 778
100: 802
101: 768
102: 801
103: 775
104: 805
105: 779
106: 714
107: 690
108: 730
109: 713
110: 701
111: 661
112: 773
113: 734
114: 671
115: 733
116: 675
117: 683
118: 688
119: 661
120: 726
121: 692
122: 649
123: 636
124: 662
125: 651
126: 612
127: 621
128: 652
129: 566
130: 578
131: 552
132: 550
133: 499
134: 545
135: 535
136: 515
137: 452
138: 486
139: 483
140: 501
141: 500
142: 475
143: 494
144: 474
145: 493
146: 470
147: 536
148: 485
149: 480
150: 518
151: 521
152: 487
153: 556
154: 475
155: 538
156: 547
157: 558
158: 616
159: 572
160: 575
161: 601
162: 565
163: 597
164: 611
165: 657
166: 655
167: 628
168: 640
169: 732
170: 699
171: 719
172: 769
173: 726
174: 790
175: 713
176: 904
177: 877
178: 878
179: 938
180: 953
181: 1057
182: 1049
183: 1163
184: 1395
185: 1403
186: 1513
187: 1585
188: 1756
189: 1934
190: 2022
191: 2025
192: 2647
193: 2679
194: 2931
195: 3567
196: 3790
197: 4075
198: 4848
199: 5351
200: 5909
201: 6059
202: 6245
203: 6427
204: 7027
205: 7251
206: 8060
207: 8700
208: 8889
209: 7862
210: 6953
211: 6399
212: 5940
213: 5728
214: 6018
215: 5811
216: 6524
217: 5539
218: 5126
219: 3858
220: 2735
221: 1286
222: 620
223: 404
224: 664
225: 484
226: 109
227: 26
228: 25
229: 9
230: 11
231: 6
232: 1
233: 1
