0: 59
1: 1
3: 8
4: 10
5: 11
6: 16
7: 22
8: 14
14: 61
15: 53
16: 53
17: 49
18: 38
19: 50
20: 41
21: 40
22: 52
23: 39
24: 48
25: 46
26: 39
27: 47
28: 47
29: 68
30: 84
31: 108
33: 125
34: 126
35: 145
36: 149
37: 145
38: 157
39: 181
40: 173
41: 151
42: 148
43: 154
44: 148
45: 126
46: 135
47: 120
48: 160
49: 147
50: 122
51: 108
52: 105
53: 133
54: 402
55: 101
56: 90
57: 74
58: 82
59: 80
60: 87
61: 77
62: 78
63: 80
64: 56
65: 77
66: 71
67: 85
68: 76
69: 64
70: 90
71: 100
72: 89
73: 124
74: 147
75: 155
76: 200
77: 225
78: 258
79: 272
80: 311
81: 334
82: 289
83: 377
84: 340
85: 339
86: 329
87: 317
88: 350
89: 280
90: 320
91: 307
92: 314
93: 272
94: 288
95: 256
96: 265
97: 295
98: 247
99: 248
100: 295
101: 255
102: 252
103: 265
104: 241
105: 232
106: 254
107: 210
108: 256
109: 209
110: 199
111: 177
112: 191
113: 220
114: 170
115: 223
116: 224
117: 233
118: 247
119: 200
120: 274
121: 267
122: 254
123: 322
124: 325
125: 339
126: 357
127: 377
128: 399
129: 406
130: 466
131: 467
132: 462
133: 501
134: 552
135: 586
136: 603
137: 629
138: 595
139: 717
140: 772
141: 694
142: 828
143: 876
144: 856
145: 921
146: 852
147: 1021
148: 1035
149: 1107
150: 1183
151: 1084
152: 1388
153: 1247
154: 1308
155: 1389
156: 1558
157: 1470
158: 1579
159: 1647
160: 1515
161: 1544
162: 1456
163: 1514
164: 1335
165: 1276
166: 1347
167: 1327
168: 1249
169: 1280
170: 1132
171: 1121
172: 1179
173: 1111
174: 1182
175: 1070
176: 1346
177: 1219
178: 1236
179: 1366
180: 1338
181: 1393
182: 1597
183: 1544
184: 2022
185: 1898
186: 2041
187: 2241
188: 2539
189: 2593
190: 2902
191: 3011
192: 3922
193: 3888
194: 4000
195: 4447
196: 4522
197: 4636
198: 4931
199: 5173
200: 5271
201: 5411
202: 5682
203: 5718
204: 6355
205: 6062
206: 6215
207: 6863
208: 7339
209: 7748
210: 7009
211: 7388
212: 6057
213: 5200
214: 4975
215: 4559
216: 5331
217: 4855
218: 4787
219: 4984
220: 4025
221: 1969
222: 893
223: 413
224: 491
225: 320
226: 61
227: 23
228: 16
229: 14
230: 10
231: 5
232: 5
234: 1
